<?xml version="1.0" encoding="UTF-8"?>
<!-- Generated by org.testng.reporters.JUnitReportReporter -->
<testsuite skipped="0" hostname="QSP-015" name="Log4j" tests="1" failures="0" timestamp="15 Sep 2017 13:06:38 GMT" time="0.107" errors="0">
  <testcase name="testA" time="0.107" classname="Log4j"/>
</testsuite> <!-- Log4j -->
