<?xml version="1.0" encoding="UTF-8"?>
<!-- Generated by org.testng.reporters.JUnitReportReporter -->
<testsuite skipped="0" hostname="ssvgc" name="com.tys.tests.MetalFilterTest" tests="1" failures="0" timestamp="30 Oct 2017 22:47:15 GMT" time="68.546" errors="0">
  <testcase name="ringsMetalFilterTest" time="68.546" classname="com.tys.tests.MetalFilterTest"/>
</testsuite> <!-- com.tys.tests.MetalFilterTest -->
