<?xml version="1.0" encoding="UTF-8"?>
<!-- Generated by org.testng.reporters.JUnitReportReporter -->
<testsuite skipped="0" hostname="ssvgc" name="com.tys.tests.PlaceOrderTest" tests="1" failures="0" timestamp="31 Oct 2017 01:13:27 GMT" time="108.003" errors="0">
  <testcase name="placeOrderTest" time="108.003" classname="com.tys.tests.PlaceOrderTest"/>
</testsuite> <!-- com.tys.tests.PlaceOrderTest -->
