<?xml version="1.0" encoding="UTF-8"?>
<!-- Generated by org.testng.reporters.JUnitReportReporter -->
<testsuite skipped="0" name="com.tys.tests.LoginTest" tests="1" failures="0" timestamp="30 Oct 2017 05:17:11 GMT" time="11.880" errors="0">
  <testcase name="validLoginTest" time="11.880" classname="com.tys.tests.LoginTest"/>
</testsuite> <!-- com.tys.tests.LoginTest -->
