<?xml version="1.0" encoding="UTF-8"?>
<!-- Generated by org.testng.reporters.JUnitReportReporter -->
<testsuite skipped="0" hostname="QSP-015" name="com.tys.tests.DemoTest" tests="1" failures="0" timestamp="13 Sep 2017 11:09:08 GMT" time="5.806" errors="0">
  <testcase name="demo1" time="5.806" classname="com.tys.tests.DemoTest"/>
</testsuite> <!-- com.tys.tests.DemoTest -->
