<?xml version="1.0" encoding="UTF-8"?>
<!-- Generated by org.testng.reporters.JUnitReportReporter -->
<testsuite skipped="0" name="Ganesh" tests="1" failures="0" timestamp="15 Sep 2017 04:51:27 GMT" time="0.014" errors="0">
  <testcase name="demo" time="0.014" classname="Ganesh"/>
</testsuite> <!-- Ganesh -->
