<?xml version="1.0" encoding="UTF-8"?>
<!-- Generated by org.testng.reporters.JUnitReportReporter -->
<testsuite skipped="0" hostname="ssvgc" name="com.tys.tests.ValidLoginLogoutTest" tests="1" failures="0" timestamp="30 Oct 2017 22:45:52 GMT" time="27.847" errors="0">
  <testcase name="validLoginTest" time="27.847" classname="com.tys.tests.ValidLoginLogoutTest"/>
</testsuite> <!-- com.tys.tests.ValidLoginLogoutTest -->
