<?xml version="1.0" encoding="UTF-8"?>
<!-- Generated by org.testng.reporters.JUnitReportReporter -->
<testsuite skipped="0" hostname="QSP-010" name="com.tys.tests.demo" tests="2" failures="0" timestamp="30 Oct 2017 05:16:39 GMT" time="0.028" errors="0">
  <testcase name="test3" time="0.019" classname="com.tys.tests.demo"/>
  <testcase name="test3" time="0.009" classname="com.tys.tests.demo"/>
</testsuite> <!-- com.tys.tests.demo -->
