<?xml version="1.0" encoding="UTF-8"?>
<!-- Generated by org.testng.reporters.JUnitReportReporter -->
<testsuite skipped="0" hostname="ssvgc" name="com.tys.tests.ScrollTest" tests="1" failures="0" timestamp="30 Oct 2017 23:18:14 GMT" time="37.548" errors="0">
  <testcase name="scrollTest" time="37.548" classname="com.tys.tests.ScrollTest"/>
</testsuite> <!-- com.tys.tests.ScrollTest -->
