<?xml version="1.0" encoding="UTF-8"?>
<!-- Generated by org.testng.reporters.JUnitReportReporter -->
<testsuite skipped="0" hostname="QSP-015" name="practies.Parameterisation" tests="1" failures="0" timestamp="20 Sep 2017 04:44:50 GMT" time="0.020" errors="0">
  <testcase name="Add" time="0.020" classname="practies.Parameterisation"/>
</testsuite> <!-- practies.Parameterisation -->
