<?xml version="1.0" encoding="UTF-8"?>
<!-- Generated by org.testng.reporters.JUnitReportReporter -->
<testsuite skipped="0" hostname="ssvgc" name="com.tys.tests.verifyTooltipTest" tests="1" failures="0" timestamp="30 Oct 2017 23:53:31 GMT" time="21.412" errors="0">
  <testcase name="verifyIconTooltiptest" time="21.412" classname="com.tys.tests.verifyTooltipTest"/>
</testsuite> <!-- com.tys.tests.verifyTooltipTest -->
