<?xml version="1.0" encoding="UTF-8"?>
<!-- Generated by org.testng.reporters.JUnitReportReporter -->
<testsuite skipped="0" hostname="QSP-010" name="demo" tests="1" failures="0" timestamp="27 Oct 2017 12:26:55 GMT" time="0.010" errors="0">
  <testcase name="test3" time="0.010" classname="demo"/>
</testsuite> <!-- demo -->
